0 info it worked if it ends with ok
1 verbose cli [ '/usr/local/bin/node',
1 verbose cli   '/usr/local/bin/npm',
1 verbose cli   'install',
1 verbose cli   'readable-stream/transform' ]
2 info using npm@2.15.8
3 info using node@v4.4.7
4 verbose install initial load of /Users/sven/Google Drive/Development/CH/lucie-website/package.json
5 verbose installManyTop reading scoped package data from /Users/sven/Google Drive/Development/CH/lucie-website/node_modules/bootstrap/package.json
6 verbose installManyTop reading scoped package data from /Users/sven/Google Drive/Development/CH/lucie-website/node_modules/browser-sync/package.json
7 verbose installManyTop reading scoped package data from /Users/sven/Google Drive/Development/CH/lucie-website/node_modules/end-of-stream/package.json
8 verbose installManyTop reading scoped package data from /Users/sven/Google Drive/Development/CH/lucie-website/node_modules/font-awesome/package.json
9 verbose installManyTop reading scoped package data from /Users/sven/Google Drive/Development/CH/lucie-website/node_modules/gulp/package.json
10 verbose installManyTop reading scoped package data from /Users/sven/Google Drive/Development/CH/lucie-website/node_modules/gulp-clean-css/package.json
11 verbose installManyTop reading scoped package data from /Users/sven/Google Drive/Development/CH/lucie-website/node_modules/gulp-header/package.json
12 verbose installManyTop reading scoped package data from /Users/sven/Google Drive/Development/CH/lucie-website/node_modules/gulp-less/package.json
13 verbose installManyTop reading scoped package data from /Users/sven/Google Drive/Development/CH/lucie-website/node_modules/gulp-rename/package.json
14 verbose installManyTop reading scoped package data from /Users/sven/Google Drive/Development/CH/lucie-website/node_modules/gulp-uglify/package.json
15 verbose installManyTop reading scoped package data from /Users/sven/Google Drive/Development/CH/lucie-website/node_modules/jquery/package.json
16 verbose installManyTop reading scoped package data from /Users/sven/Google Drive/Development/CH/lucie-website/node_modules/magnific-popup/package.json
17 verbose installManyTop reading scoped package data from /Users/sven/Google Drive/Development/CH/lucie-website/node_modules/scrollreveal/package.json
18 verbose installManyTop reading scoped package data from /Users/sven/Google Drive/Development/CH/lucie-website/node_modules/sequencify/package.json
19 verbose installManyTop reading scoped package data from /Users/sven/Google Drive/Development/CH/lucie-website/node_modules/sparkles/package.json
20 verbose installManyTop reading scoped package data from /Users/sven/Google Drive/Development/CH/lucie-website/node_modules/stream-consume/package.json
21 info package.json gulp-clean-css@2.0.12 No README data
22 info package.json sequencify@0.0.7 No license field.
23 info package.json gulp-rename@1.2.2 No license field.
24 verbose readDependencies loading dependencies from /Users/sven/Google Drive/Development/CH/lucie-website/package.json
25 silly cache add args [ 'readable-stream/transform', null ]
26 verbose cache add spec readable-stream/transform
27 silly cache add parsed spec Result {
27 silly cache add   raw: 'readable-stream/transform',
27 silly cache add   scope: null,
27 silly cache add   name: null,
27 silly cache add   rawSpec: 'readable-stream/transform',
27 silly cache add   spec: 'github:readable-stream/transform',
27 silly cache add   type: 'hosted',
27 silly cache add   hosted:
27 silly cache add    { type: 'github',
27 silly cache add      ssh: 'git@github.com:readable-stream/transform.git',
27 silly cache add      sshUrl: 'git+ssh://git@github.com/readable-stream/transform.git',
27 silly cache add      httpsUrl: 'git+https://github.com/readable-stream/transform.git',
27 silly cache add      gitUrl: 'git://github.com/readable-stream/transform.git',
27 silly cache add      shortcut: 'github:readable-stream/transform',
27 silly cache add      directUrl: 'https://raw.githubusercontent.com/readable-stream/transform/master/package.json' } }
28 verbose addRemoteGit caching readable-stream/transform
29 verbose addRemoteGit readable-stream/transform is a repository hosted by github
30 silly tryGitProto attempting to clone git://github.com/readable-stream/transform.git
31 silly tryClone cloning readable-stream/transform via git://github.com/readable-stream/transform.git
32 verbose tryClone git-github-com-readable-stream-transform-git-37bea52f not in flight; caching
33 verbose correctMkdir /Users/sven/.npm/_git-remotes correctMkdir not in flight; initializing
34 info git [ 'clone',
34 info git   '--template=/Users/sven/.npm/_git-remotes/_templates',
34 info git   '--mirror',
34 info git   'git://github.com/readable-stream/transform.git',
34 info git   '/Users/sven/.npm/_git-remotes/git-github-com-readable-stream-transform-git-37bea52f' ]
35 verbose git clone --template=/Users/sven/.npm/_git-remotes/_templates --mirror git://github.com/readable-stream/transform.git /Users/sven/.npm/_git-remotes/git-github-com-readable-stream-transform-git-37bea52f: Cloning into bare repository '/Users/sven/.npm/_git-remotes/git-github-com-readable-stream-transform-git-37bea52f'...
35 verbose git clone --template=/Users/sven/.npm/_git-remotes/_templates --mirror git://github.com/readable-stream/transform.git /Users/sven/.npm/_git-remotes/git-github-com-readable-stream-transform-git-37bea52f: fatal: remote error:
35 verbose git clone --template=/Users/sven/.npm/_git-remotes/_templates --mirror git://github.com/readable-stream/transform.git /Users/sven/.npm/_git-remotes/git-github-com-readable-stream-transform-git-37bea52f:   Repository not found.
36 silly tryHTTPS attempting to clone git+https://github.com/readable-stream/transform.git
37 silly tryClone cloning readable-stream/transform via git+https://github.com/readable-stream/transform.git
38 verbose tryClone https-github-com-readable-stream-transform-git-54d90bfe not in flight; caching
39 verbose correctMkdir /Users/sven/.npm/_git-remotes correctMkdir not in flight; initializing
40 info git [ 'clone',
40 info git   '--template=/Users/sven/.npm/_git-remotes/_templates',
40 info git   '--mirror',
40 info git   'https://github.com/readable-stream/transform.git',
40 info git   '/Users/sven/.npm/_git-remotes/https-github-com-readable-stream-transform-git-54d90bfe' ]
41 verbose git clone --template=/Users/sven/.npm/_git-remotes/_templates --mirror https://github.com/readable-stream/transform.git /Users/sven/.npm/_git-remotes/https-github-com-readable-stream-transform-git-54d90bfe: Cloning into bare repository '/Users/sven/.npm/_git-remotes/https-github-com-readable-stream-transform-git-54d90bfe'...
41 verbose git clone --template=/Users/sven/.npm/_git-remotes/_templates --mirror https://github.com/readable-stream/transform.git /Users/sven/.npm/_git-remotes/https-github-com-readable-stream-transform-git-54d90bfe: remote: Repository not found.
41 verbose git clone --template=/Users/sven/.npm/_git-remotes/_templates --mirror https://github.com/readable-stream/transform.git /Users/sven/.npm/_git-remotes/https-github-com-readable-stream-transform-git-54d90bfe: fatal: repository 'https://github.com/readable-stream/transform.git/' not found
42 silly trySSH attempting to clone git@github.com:readable-stream/transform.git
43 silly tryClone cloning readable-stream/transform via git@github.com:readable-stream/transform.git
44 verbose tryClone git-github-com-readable-stream-transform-git-934c353e not in flight; caching
45 verbose correctMkdir /Users/sven/.npm/_git-remotes correctMkdir not in flight; initializing
46 info git [ 'clone',
46 info git   '--template=/Users/sven/.npm/_git-remotes/_templates',
46 info git   '--mirror',
46 info git   'git@github.com:readable-stream/transform.git',
46 info git   '/Users/sven/.npm/_git-remotes/git-github-com-readable-stream-transform-git-934c353e' ]
47 error git clone --template=/Users/sven/.npm/_git-remotes/_templates --mirror git@github.com:readable-stream/transform.git /Users/sven/.npm/_git-remotes/git-github-com-readable-stream-transform-git-934c353e: Cloning into bare repository '/Users/sven/.npm/_git-remotes/git-github-com-readable-stream-transform-git-934c353e'...
47 error git clone --template=/Users/sven/.npm/_git-remotes/_templates --mirror git@github.com:readable-stream/transform.git /Users/sven/.npm/_git-remotes/git-github-com-readable-stream-transform-git-934c353e: ERROR: Repository not found.
47 error git clone --template=/Users/sven/.npm/_git-remotes/_templates --mirror git@github.com:readable-stream/transform.git /Users/sven/.npm/_git-remotes/git-github-com-readable-stream-transform-git-934c353e: fatal: Could not read from remote repository.
47 error git clone --template=/Users/sven/.npm/_git-remotes/_templates --mirror git@github.com:readable-stream/transform.git /Users/sven/.npm/_git-remotes/git-github-com-readable-stream-transform-git-934c353e:
47 error git clone --template=/Users/sven/.npm/_git-remotes/_templates --mirror git@github.com:readable-stream/transform.git /Users/sven/.npm/_git-remotes/git-github-com-readable-stream-transform-git-934c353e: Please make sure you have the correct access rights
47 error git clone --template=/Users/sven/.npm/_git-remotes/_templates --mirror git@github.com:readable-stream/transform.git /Users/sven/.npm/_git-remotes/git-github-com-readable-stream-transform-git-934c353e: and the repository exists.
48 verbose stack Error: Command failed: git clone --template=/Users/sven/.npm/_git-remotes/_templates --mirror git@github.com:readable-stream/transform.git /Users/sven/.npm/_git-remotes/git-github-com-readable-stream-transform-git-934c353e
48 verbose stack Cloning into bare repository '/Users/sven/.npm/_git-remotes/git-github-com-readable-stream-transform-git-934c353e'...
48 verbose stack ERROR: Repository not found.
48 verbose stack fatal: Could not read from remote repository.
48 verbose stack
48 verbose stack Please make sure you have the correct access rights
48 verbose stack and the repository exists.
48 verbose stack
48 verbose stack     at ChildProcess.exithandler (child_process.js:213:12)
48 verbose stack     at emitTwo (events.js:87:13)
48 verbose stack     at ChildProcess.emit (events.js:172:7)
48 verbose stack     at maybeClose (internal/child_process.js:827:16)
48 verbose stack     at Process.ChildProcess._handle.onexit (internal/child_process.js:211:5)
49 verbose cwd /Users/sven/Google Drive/Development/CH/lucie-website
50 error Darwin 16.0.0
51 error argv "/usr/local/bin/node" "/usr/local/bin/npm" "install" "readable-stream/transform"
52 error node v4.4.7
53 error npm  v2.15.8
54 error code 128
55 error Command failed: git clone --template=/Users/sven/.npm/_git-remotes/_templates --mirror git@github.com:readable-stream/transform.git /Users/sven/.npm/_git-remotes/git-github-com-readable-stream-transform-git-934c353e
55 error Cloning into bare repository '/Users/sven/.npm/_git-remotes/git-github-com-readable-stream-transform-git-934c353e'...
55 error ERROR: Repository not found.
55 error fatal: Could not read from remote repository.
55 error
55 error Please make sure you have the correct access rights
55 error and the repository exists.
56 error If you need help, you may report this error at:
56 error     <https://github.com/npm/npm/issues>
57 verbose exit [ 1, true ]
